<!DOCTYPE html>
<html>
<head>
    <title>Unittest Results</title>
    <meta charset="utf-8">
    <meta name="viewport" content="width=device-width, initial-scale=1.0">
    <link rel="stylesheet" href="https://maxcdn.bootstrapcdn.com/bootstrap/3.3.6/css/bootstrap.min.css" integrity="sha384-1q8mTJOASx8j1Au+a5WDVnPi2lkFfwwEAa8hDDdjZlpLegxhjVME1fgjWPGmkzs7" crossorigin="anonymous">
</head>
<body>
    <div class="container">
        <div class="row">
            <div class="col-xs-12">
                <h2 class="text-capitalize">Unittest Results</h2>
                <p class='attribute'><strong>Start Time: </strong>2019-05-16 21:09:41</p>
                <p class='attribute'><strong>Duration: </strong>104.25 s</p>
                <p class='attribute'><strong>Summary: </strong>Total: 1, Pass: 0, Error: 1</p>
            </div>
        </div>
        <div class="row">
            <div class="col-xs-12 col-sm-10 col-md-10">
                <table class='table table-hover table-responsive'>
                    <thead>
                        <tr>
                            <th>__main__.LoginTest</th>
                            <th>Status</th>
                            <th></th>
                        </tr>
                    </thead>
                    <tbody>
                        <tr class='warning'>
                            <td class="col-xs-10">test_validate_order</td>
                            <td class="col-xs-1">
                                <span class="label label-warning" style="display:block;width:40px;">Error</span>
                            </td>
                            <td class="col-xs-1">
                                <button class="btn btn-default btn-xs">View</button>
                            </td>
                        </tr>
                        <tr style="display:none;">
                            <td class="col-xs-9" colspan="3"><p style="color:maroon;">NoSuchElementException: Message: no such element: Unable to locate element: {"method":"xpath","selector":"//div[contains(text(),'Sauce Labs Bolt T-Shirt')]"}
  (Session info: chrome=74.0.3729.157)
  (Driver info: chromedriver=74.0.3729.6 (255758eccf3d244491b8a1317aa76e1ce10d57e9-refs/branch-heads/3729@{#29}),platform=Windows NT 10.0.17134 x86_64)
</p><p style="color:maroon;">Traceback (most recent call last):
  File "C:\Users\Angga Pandu\PycharmProjects\FirstSeleniumTest\SampleTestingProject\Saucedemo\Tests\problemValidateOrder.py", line 56, in test_validate_order
    self.assertTrue(cart.verify_bolts_cart(), "Sauce Labs Bolt T-Shirt")
  File "C:\Users\Angga Pandu\PycharmProjects\FirstSeleniumTest\SampleTestingProject\Saucedemo\Pages\cartPage.py", line 28, in verify_bolts_cart
    bolts = self.driver.find_element_by_xpath(self.boltShirt_label_xpath).text
  File "C:\Users\Angga Pandu\PycharmProjects\FirstSeleniumTest\venv\lib\site-packages\selenium\webdriver\remote\webdriver.py", line 394, in find_element_by_xpath
    return self.find_element(by=By.XPATH, value=xpath)
  File "C:\Users\Angga Pandu\PycharmProjects\FirstSeleniumTest\venv\lib\site-packages\selenium\webdriver\remote\webdriver.py", line 978, in find_element
    'value': value})['value']
  File "C:\Users\Angga Pandu\PycharmProjects\FirstSeleniumTest\venv\lib\site-packages\selenium\webdriver\remote\webdriver.py", line 321, in execute
    self.error_handler.check_response(response)
  File "C:\Users\Angga Pandu\PycharmProjects\FirstSeleniumTest\venv\lib\site-packages\selenium\webdriver\remote\errorhandler.py", line 242, in check_response
    raise exception_class(message, screen, stacktrace)
selenium.common.exceptions.NoSuchElementException: Message: no such element: Unable to locate element: {"method":"xpath","selector":"//div[contains(text(),'Sauce Labs Bolt T-Shirt')]"}
  (Session info: chrome=74.0.3729.157)
  (Driver info: chromedriver=74.0.3729.6 (255758eccf3d244491b8a1317aa76e1ce10d57e9-refs/branch-heads/3729@{#29}),platform=Windows NT 10.0.17134 x86_64)

</p>
                            </td>
                        </tr>
                        <tr>
                            <td colspan="3">
                                Total: 1, Pass: 0, Error: 1 -- Duration: 104.25 s
                            </td>
                        </tr>
                    </tbody>
                </table>
            </div>
        </div>
    </div>
    <script src="https://ajax.googleapis.com/ajax/libs/jquery/2.2.4/jquery.min.js"></script>
    <script type="text/javascript">
        $(document).ready(function(){
            $('td').on('click', '.btn', function(e){
                e.preventDefault();
                e.stopImmediatePropagation();
                var $this = $(this);
                var $nextRow = $this.closest('tr').next('tr');
                $nextRow.slideToggle("fast");
                $this.text(function(i, text){
                    if (text === 'View') {
                        return 'Hide';
                    } else {
                        return 'View';
                    };
                });
            });
        });
    </script>
</body>
</html